<?xml version="1.0" encoding="UTF-8"?>
<!-- Generated by org.testng.reporters.JUnitReportReporter -->
<testsuite skipped="0" hostname="DESKTOP-27L8JE7" name="com.project.April6PMMavenBuild.CheckBox1" tests="1" failures="0" timestamp="08 May 2021 13:06:00 GMT" time="21.906" errors="0">
  <testcase name="checkboxTest" time="21.906" classname="com.project.April6PMMavenBuild.CheckBox1"/>
</testsuite> <!-- com.project.April6PMMavenBuild.CheckBox1 -->
