<?xml version="1.0" encoding="UTF-8"?>
<!-- Generated by org.testng.reporters.JUnitReportReporter -->
<testsuite skipped="0" hostname="DESKTOP-27L8JE7" name="excelDataDriven.DataManagementUsingDataproviders" tests="3" failures="0" timestamp="14 May 2021 12:06:14 GMT" time="0.036" errors="0">
  <testcase name="f" time="0.021" classname="excelDataDriven.DataManagementUsingDataproviders"/>
  <testcase name="f" time="0.003" classname="excelDataDriven.DataManagementUsingDataproviders"/>
  <testcase name="f" time="0.012" classname="excelDataDriven.DataManagementUsingDataproviders"/>
</testsuite> <!-- excelDataDriven.DataManagementUsingDataproviders -->
