<?xml version="1.0" encoding="UTF-8"?>
<!-- Generated by org.testng.reporters.JUnitReportReporter -->
<testsuite skipped="0" hostname="DESKTOP-27L8JE7" name="excelDataDriven.NewTest" tests="2" failures="0" timestamp="14 May 2021 12:41:30 GMT" time="32.263" errors="0">
  <testcase name="f" time="0.003" classname="excelDataDriven.NewTest"/>
  <testcase name="f" time="32.260" classname="excelDataDriven.NewTest"/>
</testsuite> <!-- excelDataDriven.NewTest -->
