<?xml version="1.0" encoding="UTF-8"?>
<!-- Generated by org.testng.reporters.JUnitReportReporter -->
<testsuite skipped="0" hostname="DESKTOP-27L8JE7" name="com.project.April6PMMavenBuild.RadioButton1" tests="1" failures="0" timestamp="08 May 2021 13:06:00 GMT" time="24.373" errors="0">
  <testcase name="radioButtonTest" time="24.373" classname="com.project.April6PMMavenBuild.RadioButton1"/>
</testsuite> <!-- com.project.April6PMMavenBuild.RadioButton1 -->
