<?xml version="1.0" encoding="UTF-8"?>
<!-- Generated by org.testng.reporters.JUnitReportReporter -->
<testsuite skipped="0" hostname="DESKTOP-27L8JE7" name="parallelsuites.DemoTest" tests="3" failures="0" timestamp="07 May 2021 13:17:35 GMT" time="0.144" errors="0">
  <testcase name="test2" time="0.049" classname="parallelsuites.DemoTest"/>
  <testcase name="test3" time="0.047" classname="parallelsuites.DemoTest"/>
  <testcase name="test1" time="0.048" classname="parallelsuites.DemoTest"/>
</testsuite> <!-- parallelsuites.DemoTest -->
