<?xml version="1.0" encoding="UTF-8"?>
<!-- Generated by org.testng.reporters.JUnitReportReporter -->
<testsuite skipped="0" hostname="DESKTOP-27L8JE7" name="com.project.April6PMMavenBuild.NewTest" tests="1" failures="0" timestamp="24 Apr 2021 11:45:06 GMT" time="0.054" errors="0">
  <testcase name="f" time="0.054" classname="com.project.April6PMMavenBuild.NewTest"/>
</testsuite> <!-- com.project.April6PMMavenBuild.NewTest -->
