<?xml version="1.0" encoding="UTF-8"?>
<!-- Generated by org.testng.reporters.JUnitReportReporter -->
<testsuite skipped="0" hostname="DESKTOP-27L8JE7" name="grid.GridDemo" tests="7" failures="0" timestamp="25 May 2021 12:23:49 GMT" time="595.966" errors="0">
  <testcase name="test2" time="97.095" classname="grid.GridDemo"/>
  <testcase name="test3" time="89.846" classname="grid.GridDemo"/>
  <testcase name="test4" time="93.033" classname="grid.GridDemo"/>
  <testcase name="test5" time="99.070" classname="grid.GridDemo"/>
  <testcase name="test7" time="58.523" classname="grid.GridDemo"/>
  <testcase name="test1" time="95.425" classname="grid.GridDemo"/>
  <testcase name="test6" time="62.974" classname="grid.GridDemo"/>
</testsuite> <!-- grid.GridDemo -->
