<?xml version="1.0" encoding="UTF-8"?>
<!-- Generated by org.testng.reporters.JUnitReportReporter -->
<testsuite skipped="0" hostname="DESKTOP-27L8JE7" name="suiteA.TestA2" tests="1" failures="0" timestamp="07 May 2021 13:08:43 GMT" time="3.042" errors="0">
  <testcase name="f" time="3.042" classname="suiteA.TestA2"/>
</testsuite> <!-- suiteA.TestA2 -->
