<?xml version="1.0" encoding="UTF-8"?>
<!-- Generated by org.testng.reporters.JUnitReportReporter -->
<testsuite skipped="0" hostname="DESKTOP-27L8JE7" name="switches.AlertHandling" tests="1" failures="0" timestamp="19 May 2021 12:18:54 GMT" time="13.245" errors="0">
  <testcase name="f" time="13.245" classname="switches.AlertHandling"/>
</testsuite> <!-- switches.AlertHandling -->
