<?xml version="1.0" encoding="UTF-8"?>
<!-- Generated by org.testng.reporters.JUnitReportReporter -->
<testsuite skipped="0" hostname="DESKTOP-27L8JE7" name="excelDataDriven.DataManagementUsingHashTable" tests="2" failures="0" timestamp="14 May 2021 12:22:00 GMT" time="0.028" errors="0">
  <testcase name="f" time="0.022" classname="excelDataDriven.DataManagementUsingHashTable"/>
  <testcase name="f" time="0.006" classname="excelDataDriven.DataManagementUsingHashTable"/>
</testsuite> <!-- excelDataDriven.DataManagementUsingHashTable -->
