<?xml version="1.0" encoding="UTF-8"?>
<!-- Generated by org.testng.reporters.JUnitReportReporter -->
<testsuite skipped="1" hostname="DESKTOP-27L8JE7" name="pageObjectModel.TNG001" tests="2" failures="0" timestamp="17 May 2021 13:22:27 GMT" time="25.416" errors="0">
  <testcase name="custRegistration" time="25.416" classname="pageObjectModel.TNG001"/>
  <testcase name="f" classname="pageObjectModel.TNG001">
    <skipped/>
  </testcase> <!-- f -->
</testsuite> <!-- pageObjectModel.TNG001 -->
