<?xml version="1.0" encoding="UTF-8"?>
<!-- Generated by org.testng.reporters.JUnitReportReporter -->
<testsuite skipped="0" hostname="DESKTOP-27L8JE7" name="switches.FileUpload" tests="1" failures="0" timestamp="19 May 2021 12:45:59 GMT" time="20.315" errors="0">
  <testcase name="fileupload" time="20.315" classname="switches.FileUpload"/>
</testsuite> <!-- switches.FileUpload -->
