<?xml version="1.0" encoding="UTF-8"?>
<!-- Generated by org.testng.reporters.JUnitReportReporter -->
<testsuite skipped="0" hostname="DESKTOP-27L8JE7" name="com.project.April6PMMavenBuild.SampleTest" tests="1" failures="0" timestamp="08 May 2021 13:27:39 GMT" time="0.024" errors="0">
  <testcase name="orange" time="0.024" classname="com.project.April6PMMavenBuild.SampleTest"/>
</testsuite> <!-- com.project.April6PMMavenBuild.SampleTest -->
